Determining if the pthread_create exist failed with the following output:
Change Dir: /home/admin-suz/Documents/Code/Interface_CGAL_python/mesher/CMakeFiles/CMakeTmp

Run Build Command:"/usr/bin/make" "cmTC_8c541/fast"
/usr/bin/make -f CMakeFiles/cmTC_8c541.dir/build.make CMakeFiles/cmTC_8c541.dir/build
make[1] : on entre dans le répertoire « /home/admin-suz/Documents/Code/Interface_CGAL_python/mesher/CMakeFiles/CMakeTmp »
Building C object CMakeFiles/cmTC_8c541.dir/CheckSymbolExists.c.o
/usr/bin/cc     -o CMakeFiles/cmTC_8c541.dir/CheckSymbolExists.c.o   -c /home/admin-suz/Documents/Code/Interface_CGAL_python/mesher/CMakeFiles/CMakeTmp/CheckSymbolExists.c
Linking C executable cmTC_8c541
/usr/bin/cmake -E cmake_link_script CMakeFiles/cmTC_8c541.dir/link.txt --verbose=1
/usr/bin/cc       CMakeFiles/cmTC_8c541.dir/CheckSymbolExists.c.o  -o cmTC_8c541 
CMakeFiles/cmTC_8c541.dir/CheckSymbolExists.c.o : Dans la fonction « main » :
CheckSymbolExists.c:(.text+0x16) : référence indéfinie vers « pthread_create »
collect2: error: ld returned 1 exit status
CMakeFiles/cmTC_8c541.dir/build.make:97 : la recette pour la cible « cmTC_8c541 » a échouée
make[1]: *** [cmTC_8c541] Erreur 1
make[1] : on quitte le répertoire « /home/admin-suz/Documents/Code/Interface_CGAL_python/mesher/CMakeFiles/CMakeTmp »
Makefile:126 : la recette pour la cible « cmTC_8c541/fast » a échouée
make: *** [cmTC_8c541/fast] Erreur 2

File /home/admin-suz/Documents/Code/Interface_CGAL_python/mesher/CMakeFiles/CMakeTmp/CheckSymbolExists.c:
/* */
#include <pthread.h>

int main(int argc, char** argv)
{
  (void)argv;
#ifndef pthread_create
  return ((int*)(&pthread_create))[argc];
#else
  (void)argc;
  return 0;
#endif
}

Determining if the function pthread_create exists in the pthreads failed with the following output:
Change Dir: /home/admin-suz/Documents/Code/Interface_CGAL_python/mesher/CMakeFiles/CMakeTmp

Run Build Command:"/usr/bin/make" "cmTC_a2344/fast"
/usr/bin/make -f CMakeFiles/cmTC_a2344.dir/build.make CMakeFiles/cmTC_a2344.dir/build
make[1] : on entre dans le répertoire « /home/admin-suz/Documents/Code/Interface_CGAL_python/mesher/CMakeFiles/CMakeTmp »
Building C object CMakeFiles/cmTC_a2344.dir/CheckFunctionExists.c.o
/usr/bin/cc    -DCHECK_FUNCTION_EXISTS=pthread_create   -o CMakeFiles/cmTC_a2344.dir/CheckFunctionExists.c.o   -c /usr/share/cmake-3.5/Modules/CheckFunctionExists.c
Linking C executable cmTC_a2344
/usr/bin/cmake -E cmake_link_script CMakeFiles/cmTC_a2344.dir/link.txt --verbose=1
/usr/bin/cc   -DCHECK_FUNCTION_EXISTS=pthread_create    CMakeFiles/cmTC_a2344.dir/CheckFunctionExists.c.o  -o cmTC_a2344 -lpthreads 
/usr/bin/ld : ne peut trouver -lpthreads
collect2: error: ld returned 1 exit status
CMakeFiles/cmTC_a2344.dir/build.make:97 : la recette pour la cible « cmTC_a2344 » a échouée
make[1]: *** [cmTC_a2344] Erreur 1
make[1] : on quitte le répertoire « /home/admin-suz/Documents/Code/Interface_CGAL_python/mesher/CMakeFiles/CMakeTmp »
Makefile:126 : la recette pour la cible « cmTC_a2344/fast » a échouée
make: *** [cmTC_a2344/fast] Erreur 2


