The system is: Linux - 4.15.0-33-generic - x86_64
Compiling the CXX compiler identification source file "CMakeCXXCompilerId.cpp" succeeded.
Compiler: /usr/bin/c++ 
Build flags: 
Id flags: 

The output was:
0


Compilation of the CXX compiler identification source "CMakeCXXCompilerId.cpp" produced "a.out"

The CXX compiler identification is GNU, found in "/home/admin-suz/Documents/Code/CGAL_TEST/CGAL-4.12.1/CMakeFiles/3.5.1/CompilerIdCXX/a.out"

Compiling the C compiler identification source file "CMakeCCompilerId.c" succeeded.
Compiler: /usr/bin/cc 
Build flags: 
Id flags: 

The output was:
0


Compilation of the C compiler identification source "CMakeCCompilerId.c" produced "a.out"

The C compiler identification is GNU, found in "/home/admin-suz/Documents/Code/CGAL_TEST/CGAL-4.12.1/CMakeFiles/3.5.1/CompilerIdC/a.out"

Determining if the CXX compiler works passed with the following output:
Change Dir: /home/admin-suz/Documents/Code/CGAL_TEST/CGAL-4.12.1/CMakeFiles/CMakeTmp

Run Build Command:"/usr/bin/make" "cmTC_42f5c/fast"
/usr/bin/make -f CMakeFiles/cmTC_42f5c.dir/build.make CMakeFiles/cmTC_42f5c.dir/build
make[1] : on entre dans le répertoire « /home/admin-suz/Documents/Code/CGAL_TEST/CGAL-4.12.1/CMakeFiles/CMakeTmp »
Building CXX object CMakeFiles/cmTC_42f5c.dir/testCXXCompiler.cxx.o
/usr/bin/c++      -o CMakeFiles/cmTC_42f5c.dir/testCXXCompiler.cxx.o -c /home/admin-suz/Documents/Code/CGAL_TEST/CGAL-4.12.1/CMakeFiles/CMakeTmp/testCXXCompiler.cxx
Linking CXX executable cmTC_42f5c
/usr/bin/cmake -E cmake_link_script CMakeFiles/cmTC_42f5c.dir/link.txt --verbose=1
/usr/bin/c++        CMakeFiles/cmTC_42f5c.dir/testCXXCompiler.cxx.o  -o cmTC_42f5c -rdynamic 
make[1] : on quitte le répertoire « /home/admin-suz/Documents/Code/CGAL_TEST/CGAL-4.12.1/CMakeFiles/CMakeTmp »


Detecting CXX compiler ABI info compiled with the following output:
Change Dir: /home/admin-suz/Documents/Code/CGAL_TEST/CGAL-4.12.1/CMakeFiles/CMakeTmp

Run Build Command:"/usr/bin/make" "cmTC_37cf7/fast"
/usr/bin/make -f CMakeFiles/cmTC_37cf7.dir/build.make CMakeFiles/cmTC_37cf7.dir/build
make[1] : on entre dans le répertoire « /home/admin-suz/Documents/Code/CGAL_TEST/CGAL-4.12.1/CMakeFiles/CMakeTmp »
Building CXX object CMakeFiles/cmTC_37cf7.dir/CMakeCXXCompilerABI.cpp.o
/usr/bin/c++      -o CMakeFiles/cmTC_37cf7.dir/CMakeCXXCompilerABI.cpp.o -c /usr/share/cmake-3.5/Modules/CMakeCXXCompilerABI.cpp
Linking CXX executable cmTC_37cf7
/usr/bin/cmake -E cmake_link_script CMakeFiles/cmTC_37cf7.dir/link.txt --verbose=1
/usr/bin/c++       -v CMakeFiles/cmTC_37cf7.dir/CMakeCXXCompilerABI.cpp.o  -o cmTC_37cf7 -rdynamic  
Using built-in specs.
COLLECT_GCC=/usr/bin/c++
COLLECT_LTO_WRAPPER=/usr/lib/gcc/x86_64-linux-gnu/5/lto-wrapper
Target: x86_64-linux-gnu
Configured with: ../src/configure -v --with-pkgversion='Ubuntu 5.4.0-6ubuntu1~16.04.10' --with-bugurl=file:///usr/share/doc/gcc-5/README.Bugs --enable-languages=c,ada,c++,java,go,d,fortran,objc,obj-c++ --prefix=/usr --program-suffix=-5 --enable-shared --enable-linker-build-id --libexecdir=/usr/lib --without-included-gettext --enable-threads=posix --libdir=/usr/lib --enable-nls --with-sysroot=/ --enable-clocale=gnu --enable-libstdcxx-debug --enable-libstdcxx-time=yes --with-default-libstdcxx-abi=new --enable-gnu-unique-object --disable-vtable-verify --enable-libmpx --enable-plugin --with-system-zlib --disable-browser-plugin --enable-java-awt=gtk --enable-gtk-cairo --with-java-home=/usr/lib/jvm/java-1.5.0-gcj-5-amd64/jre --enable-java-home --with-jvm-root-dir=/usr/lib/jvm/java-1.5.0-gcj-5-amd64 --with-jvm-jar-dir=/usr/lib/jvm-exports/java-1.5.0-gcj-5-amd64 --with-arch-directory=amd64 --with-ecj-jar=/usr/share/java/eclipse-ecj.jar --enable-objc-gc --enable-multiarch --disable-werror --with-arch-32=i686 --with-abi=m64 --with-multilib-list=m32,m64,mx32 --enable-multilib --with-tune=generic --enable-checking=release --build=x86_64-linux-gnu --host=x86_64-linux-gnu --target=x86_64-linux-gnu
Thread model: posix
gcc version 5.4.0 20160609 (Ubuntu 5.4.0-6ubuntu1~16.04.10) 
COMPILER_PATH=/usr/lib/gcc/x86_64-linux-gnu/5/:/usr/lib/gcc/x86_64-linux-gnu/5/:/usr/lib/gcc/x86_64-linux-gnu/:/usr/lib/gcc/x86_64-linux-gnu/5/:/usr/lib/gcc/x86_64-linux-gnu/
LIBRARY_PATH=/usr/lib/gcc/x86_64-linux-gnu/5/:/usr/lib/gcc/x86_64-linux-gnu/5/../../../x86_64-linux-gnu/:/usr/lib/gcc/x86_64-linux-gnu/5/../../../../lib/:/lib/x86_64-linux-gnu/:/lib/../lib/:/usr/lib/x86_64-linux-gnu/:/usr/lib/../lib/:/usr/lib/gcc/x86_64-linux-gnu/5/../../../:/lib/:/usr/lib/
COLLECT_GCC_OPTIONS='-v' '-o' 'cmTC_37cf7' '-rdynamic' '-shared-libgcc' '-mtune=generic' '-march=x86-64'
 /usr/lib/gcc/x86_64-linux-gnu/5/collect2 -plugin /usr/lib/gcc/x86_64-linux-gnu/5/liblto_plugin.so -plugin-opt=/usr/lib/gcc/x86_64-linux-gnu/5/lto-wrapper -plugin-opt=-fresolution=/tmp/ccqdlcKw.res -plugin-opt=-pass-through=-lgcc_s -plugin-opt=-pass-through=-lgcc -plugin-opt=-pass-through=-lc -plugin-opt=-pass-through=-lgcc_s -plugin-opt=-pass-through=-lgcc --sysroot=/ --build-id --eh-frame-hdr -m elf_x86_64 --hash-style=gnu --as-needed -export-dynamic -dynamic-linker /lib64/ld-linux-x86-64.so.2 -z relro -o cmTC_37cf7 /usr/lib/gcc/x86_64-linux-gnu/5/../../../x86_64-linux-gnu/crt1.o /usr/lib/gcc/x86_64-linux-gnu/5/../../../x86_64-linux-gnu/crti.o /usr/lib/gcc/x86_64-linux-gnu/5/crtbegin.o -L/usr/lib/gcc/x86_64-linux-gnu/5 -L/usr/lib/gcc/x86_64-linux-gnu/5/../../../x86_64-linux-gnu -L/usr/lib/gcc/x86_64-linux-gnu/5/../../../../lib -L/lib/x86_64-linux-gnu -L/lib/../lib -L/usr/lib/x86_64-linux-gnu -L/usr/lib/../lib -L/usr/lib/gcc/x86_64-linux-gnu/5/../../.. CMakeFiles/cmTC_37cf7.dir/CMakeCXXCompilerABI.cpp.o -lstdc++ -lm -lgcc_s -lgcc -lc -lgcc_s -lgcc /usr/lib/gcc/x86_64-linux-gnu/5/crtend.o /usr/lib/gcc/x86_64-linux-gnu/5/../../../x86_64-linux-gnu/crtn.o
make[1] : on quitte le répertoire « /home/admin-suz/Documents/Code/CGAL_TEST/CGAL-4.12.1/CMakeFiles/CMakeTmp »


Parsed CXX implicit link information from above output:
  link line regex: [^( *|.*[/\])(ld|([^/\]+-)?ld|collect2)[^/\]*( |$)]
  ignore line: [Change Dir: /home/admin-suz/Documents/Code/CGAL_TEST/CGAL-4.12.1/CMakeFiles/CMakeTmp]
  ignore line: []
  ignore line: [Run Build Command:"/usr/bin/make" "cmTC_37cf7/fast"]
  ignore line: [/usr/bin/make -f CMakeFiles/cmTC_37cf7.dir/build.make CMakeFiles/cmTC_37cf7.dir/build]
  ignore line: [make[1] : on entre dans le répertoire « /home/admin-suz/Documents/Code/CGAL_TEST/CGAL-4.12.1/CMakeFiles/CMakeTmp »]
  ignore line: [Building CXX object CMakeFiles/cmTC_37cf7.dir/CMakeCXXCompilerABI.cpp.o]
  ignore line: [/usr/bin/c++      -o CMakeFiles/cmTC_37cf7.dir/CMakeCXXCompilerABI.cpp.o -c /usr/share/cmake-3.5/Modules/CMakeCXXCompilerABI.cpp]
  ignore line: [Linking CXX executable cmTC_37cf7]
  ignore line: [/usr/bin/cmake -E cmake_link_script CMakeFiles/cmTC_37cf7.dir/link.txt --verbose=1]
  ignore line: [/usr/bin/c++       -v CMakeFiles/cmTC_37cf7.dir/CMakeCXXCompilerABI.cpp.o  -o cmTC_37cf7 -rdynamic  ]
  ignore line: [Using built-in specs.]
  ignore line: [COLLECT_GCC=/usr/bin/c++]
  ignore line: [COLLECT_LTO_WRAPPER=/usr/lib/gcc/x86_64-linux-gnu/5/lto-wrapper]
  ignore line: [Target: x86_64-linux-gnu]
  ignore line: [Configured with: ../src/configure -v --with-pkgversion='Ubuntu 5.4.0-6ubuntu1~16.04.10' --with-bugurl=file:///usr/share/doc/gcc-5/README.Bugs --enable-languages=c,ada,c++,java,go,d,fortran,objc,obj-c++ --prefix=/usr --program-suffix=-5 --enable-shared --enable-linker-build-id --libexecdir=/usr/lib --without-included-gettext --enable-threads=posix --libdir=/usr/lib --enable-nls --with-sysroot=/ --enable-clocale=gnu --enable-libstdcxx-debug --enable-libstdcxx-time=yes --with-default-libstdcxx-abi=new --enable-gnu-unique-object --disable-vtable-verify --enable-libmpx --enable-plugin --with-system-zlib --disable-browser-plugin --enable-java-awt=gtk --enable-gtk-cairo --with-java-home=/usr/lib/jvm/java-1.5.0-gcj-5-amd64/jre --enable-java-home --with-jvm-root-dir=/usr/lib/jvm/java-1.5.0-gcj-5-amd64 --with-jvm-jar-dir=/usr/lib/jvm-exports/java-1.5.0-gcj-5-amd64 --with-arch-directory=amd64 --with-ecj-jar=/usr/share/java/eclipse-ecj.jar --enable-objc-gc --enable-multiarch --disable-werror --with-arch-32=i686 --with-abi=m64 --with-multilib-list=m32,m64,mx32 --enable-multilib --with-tune=generic --enable-checking=release --build=x86_64-linux-gnu --host=x86_64-linux-gnu --target=x86_64-linux-gnu]
  ignore line: [Thread model: posix]
  ignore line: [gcc version 5.4.0 20160609 (Ubuntu 5.4.0-6ubuntu1~16.04.10) ]
  ignore line: [COMPILER_PATH=/usr/lib/gcc/x86_64-linux-gnu/5/:/usr/lib/gcc/x86_64-linux-gnu/5/:/usr/lib/gcc/x86_64-linux-gnu/:/usr/lib/gcc/x86_64-linux-gnu/5/:/usr/lib/gcc/x86_64-linux-gnu/]
  ignore line: [LIBRARY_PATH=/usr/lib/gcc/x86_64-linux-gnu/5/:/usr/lib/gcc/x86_64-linux-gnu/5/../../../x86_64-linux-gnu/:/usr/lib/gcc/x86_64-linux-gnu/5/../../../../lib/:/lib/x86_64-linux-gnu/:/lib/../lib/:/usr/lib/x86_64-linux-gnu/:/usr/lib/../lib/:/usr/lib/gcc/x86_64-linux-gnu/5/../../../:/lib/:/usr/lib/]
  ignore line: [COLLECT_GCC_OPTIONS='-v' '-o' 'cmTC_37cf7' '-rdynamic' '-shared-libgcc' '-mtune=generic' '-march=x86-64']
  link line: [ /usr/lib/gcc/x86_64-linux-gnu/5/collect2 -plugin /usr/lib/gcc/x86_64-linux-gnu/5/liblto_plugin.so -plugin-opt=/usr/lib/gcc/x86_64-linux-gnu/5/lto-wrapper -plugin-opt=-fresolution=/tmp/ccqdlcKw.res -plugin-opt=-pass-through=-lgcc_s -plugin-opt=-pass-through=-lgcc -plugin-opt=-pass-through=-lc -plugin-opt=-pass-through=-lgcc_s -plugin-opt=-pass-through=-lgcc --sysroot=/ --build-id --eh-frame-hdr -m elf_x86_64 --hash-style=gnu --as-needed -export-dynamic -dynamic-linker /lib64/ld-linux-x86-64.so.2 -z relro -o cmTC_37cf7 /usr/lib/gcc/x86_64-linux-gnu/5/../../../x86_64-linux-gnu/crt1.o /usr/lib/gcc/x86_64-linux-gnu/5/../../../x86_64-linux-gnu/crti.o /usr/lib/gcc/x86_64-linux-gnu/5/crtbegin.o -L/usr/lib/gcc/x86_64-linux-gnu/5 -L/usr/lib/gcc/x86_64-linux-gnu/5/../../../x86_64-linux-gnu -L/usr/lib/gcc/x86_64-linux-gnu/5/../../../../lib -L/lib/x86_64-linux-gnu -L/lib/../lib -L/usr/lib/x86_64-linux-gnu -L/usr/lib/../lib -L/usr/lib/gcc/x86_64-linux-gnu/5/../../.. CMakeFiles/cmTC_37cf7.dir/CMakeCXXCompilerABI.cpp.o -lstdc++ -lm -lgcc_s -lgcc -lc -lgcc_s -lgcc /usr/lib/gcc/x86_64-linux-gnu/5/crtend.o /usr/lib/gcc/x86_64-linux-gnu/5/../../../x86_64-linux-gnu/crtn.o]
    arg [/usr/lib/gcc/x86_64-linux-gnu/5/collect2] ==> ignore
    arg [-plugin] ==> ignore
    arg [/usr/lib/gcc/x86_64-linux-gnu/5/liblto_plugin.so] ==> ignore
    arg [-plugin-opt=/usr/lib/gcc/x86_64-linux-gnu/5/lto-wrapper] ==> ignore
    arg [-plugin-opt=-fresolution=/tmp/ccqdlcKw.res] ==> ignore
    arg [-plugin-opt=-pass-through=-lgcc_s] ==> ignore
    arg [-plugin-opt=-pass-through=-lgcc] ==> ignore
    arg [-plugin-opt=-pass-through=-lc] ==> ignore
    arg [-plugin-opt=-pass-through=-lgcc_s] ==> ignore
    arg [-plugin-opt=-pass-through=-lgcc] ==> ignore
    arg [--sysroot=/] ==> ignore
    arg [--build-id] ==> ignore
    arg [--eh-frame-hdr] ==> ignore
    arg [-m] ==> ignore
    arg [elf_x86_64] ==> ignore
    arg [--hash-style=gnu] ==> ignore
    arg [--as-needed] ==> ignore
    arg [-export-dynamic] ==> ignore
    arg [-dynamic-linker] ==> ignore
    arg [/lib64/ld-linux-x86-64.so.2] ==> ignore
    arg [-zrelro] ==> ignore
    arg [-o] ==> ignore
    arg [cmTC_37cf7] ==> ignore
    arg [/usr/lib/gcc/x86_64-linux-gnu/5/../../../x86_64-linux-gnu/crt1.o] ==> ignore
    arg [/usr/lib/gcc/x86_64-linux-gnu/5/../../../x86_64-linux-gnu/crti.o] ==> ignore
    arg [/usr/lib/gcc/x86_64-linux-gnu/5/crtbegin.o] ==> ignore
    arg [-L/usr/lib/gcc/x86_64-linux-gnu/5] ==> dir [/usr/lib/gcc/x86_64-linux-gnu/5]
    arg [-L/usr/lib/gcc/x86_64-linux-gnu/5/../../../x86_64-linux-gnu] ==> dir [/usr/lib/gcc/x86_64-linux-gnu/5/../../../x86_64-linux-gnu]
    arg [-L/usr/lib/gcc/x86_64-linux-gnu/5/../../../../lib] ==> dir [/usr/lib/gcc/x86_64-linux-gnu/5/../../../../lib]
    arg [-L/lib/x86_64-linux-gnu] ==> dir [/lib/x86_64-linux-gnu]
    arg [-L/lib/../lib] ==> dir [/lib/../lib]
    arg [-L/usr/lib/x86_64-linux-gnu] ==> dir [/usr/lib/x86_64-linux-gnu]
    arg [-L/usr/lib/../lib] ==> dir [/usr/lib/../lib]
    arg [-L/usr/lib/gcc/x86_64-linux-gnu/5/../../..] ==> dir [/usr/lib/gcc/x86_64-linux-gnu/5/../../..]
    arg [CMakeFiles/cmTC_37cf7.dir/CMakeCXXCompilerABI.cpp.o] ==> ignore
    arg [-lstdc++] ==> lib [stdc++]
    arg [-lm] ==> lib [m]
    arg [-lgcc_s] ==> lib [gcc_s]
    arg [-lgcc] ==> lib [gcc]
    arg [-lc] ==> lib [c]
    arg [-lgcc_s] ==> lib [gcc_s]
    arg [-lgcc] ==> lib [gcc]
    arg [/usr/lib/gcc/x86_64-linux-gnu/5/crtend.o] ==> ignore
    arg [/usr/lib/gcc/x86_64-linux-gnu/5/../../../x86_64-linux-gnu/crtn.o] ==> ignore
  remove lib [gcc_s]
  remove lib [gcc]
  remove lib [gcc_s]
  remove lib [gcc]
  collapse library dir [/usr/lib/gcc/x86_64-linux-gnu/5] ==> [/usr/lib/gcc/x86_64-linux-gnu/5]
  collapse library dir [/usr/lib/gcc/x86_64-linux-gnu/5/../../../x86_64-linux-gnu] ==> [/usr/lib/x86_64-linux-gnu]
  collapse library dir [/usr/lib/gcc/x86_64-linux-gnu/5/../../../../lib] ==> [/usr/lib]
  collapse library dir [/lib/x86_64-linux-gnu] ==> [/lib/x86_64-linux-gnu]
  collapse library dir [/lib/../lib] ==> [/lib]
  collapse library dir [/usr/lib/x86_64-linux-gnu] ==> [/usr/lib/x86_64-linux-gnu]
  collapse library dir [/usr/lib/../lib] ==> [/usr/lib]
  collapse library dir [/usr/lib/gcc/x86_64-linux-gnu/5/../../..] ==> [/usr/lib]
  implicit libs: [stdc++;m;c]
  implicit dirs: [/usr/lib/gcc/x86_64-linux-gnu/5;/usr/lib/x86_64-linux-gnu;/usr/lib;/lib/x86_64-linux-gnu;/lib]
  implicit fwks: []




Detecting CXX [-std=c++14] compiler features compiled with the following output:
Change Dir: /home/admin-suz/Documents/Code/CGAL_TEST/CGAL-4.12.1/CMakeFiles/CMakeTmp

Run Build Command:"/usr/bin/make" "cmTC_5dc4a/fast"
/usr/bin/make -f CMakeFiles/cmTC_5dc4a.dir/build.make CMakeFiles/cmTC_5dc4a.dir/build
make[1] : on entre dans le répertoire « /home/admin-suz/Documents/Code/CGAL_TEST/CGAL-4.12.1/CMakeFiles/CMakeTmp »
Building CXX object CMakeFiles/cmTC_5dc4a.dir/feature_tests.cxx.o
/usr/bin/c++     -std=c++14 -o CMakeFiles/cmTC_5dc4a.dir/feature_tests.cxx.o -c /home/admin-suz/Documents/Code/CGAL_TEST/CGAL-4.12.1/CMakeFiles/feature_tests.cxx
Linking CXX executable cmTC_5dc4a
/usr/bin/cmake -E cmake_link_script CMakeFiles/cmTC_5dc4a.dir/link.txt --verbose=1
/usr/bin/c++        CMakeFiles/cmTC_5dc4a.dir/feature_tests.cxx.o  -o cmTC_5dc4a -rdynamic 
make[1] : on quitte le répertoire « /home/admin-suz/Documents/Code/CGAL_TEST/CGAL-4.12.1/CMakeFiles/CMakeTmp »


    Feature record: CXX_FEATURE:1cxx_aggregate_default_initializers
    Feature record: CXX_FEATURE:1cxx_alias_templates
    Feature record: CXX_FEATURE:1cxx_alignas
    Feature record: CXX_FEATURE:1cxx_alignof
    Feature record: CXX_FEATURE:1cxx_attributes
    Feature record: CXX_FEATURE:1cxx_attribute_deprecated
    Feature record: CXX_FEATURE:1cxx_auto_type
    Feature record: CXX_FEATURE:1cxx_binary_literals
    Feature record: CXX_FEATURE:1cxx_constexpr
    Feature record: CXX_FEATURE:1cxx_contextual_conversions
    Feature record: CXX_FEATURE:1cxx_decltype
    Feature record: CXX_FEATURE:1cxx_decltype_auto
    Feature record: CXX_FEATURE:1cxx_decltype_incomplete_return_types
    Feature record: CXX_FEATURE:1cxx_default_function_template_args
    Feature record: CXX_FEATURE:1cxx_defaulted_functions
    Feature record: CXX_FEATURE:1cxx_defaulted_move_initializers
    Feature record: CXX_FEATURE:1cxx_delegating_constructors
    Feature record: CXX_FEATURE:1cxx_deleted_functions
    Feature record: CXX_FEATURE:1cxx_digit_separators
    Feature record: CXX_FEATURE:1cxx_enum_forward_declarations
    Feature record: CXX_FEATURE:1cxx_explicit_conversions
    Feature record: CXX_FEATURE:1cxx_extended_friend_declarations
    Feature record: CXX_FEATURE:1cxx_extern_templates
    Feature record: CXX_FEATURE:1cxx_final
    Feature record: CXX_FEATURE:1cxx_func_identifier
    Feature record: CXX_FEATURE:1cxx_generalized_initializers
    Feature record: CXX_FEATURE:1cxx_generic_lambdas
    Feature record: CXX_FEATURE:1cxx_inheriting_constructors
    Feature record: CXX_FEATURE:1cxx_inline_namespaces
    Feature record: CXX_FEATURE:1cxx_lambdas
    Feature record: CXX_FEATURE:1cxx_lambda_init_captures
    Feature record: CXX_FEATURE:1cxx_local_type_template_args
    Feature record: CXX_FEATURE:1cxx_long_long_type
    Feature record: CXX_FEATURE:1cxx_noexcept
    Feature record: CXX_FEATURE:1cxx_nonstatic_member_init
    Feature record: CXX_FEATURE:1cxx_nullptr
    Feature record: CXX_FEATURE:1cxx_override
    Feature record: CXX_FEATURE:1cxx_range_for
    Feature record: CXX_FEATURE:1cxx_raw_string_literals
    Feature record: CXX_FEATURE:1cxx_reference_qualified_functions
    Feature record: CXX_FEATURE:1cxx_relaxed_constexpr
    Feature record: CXX_FEATURE:1cxx_return_type_deduction
    Feature record: CXX_FEATURE:1cxx_right_angle_brackets
    Feature record: CXX_FEATURE:1cxx_rvalue_references
    Feature record: CXX_FEATURE:1cxx_sizeof_member
    Feature record: CXX_FEATURE:1cxx_static_assert
    Feature record: CXX_FEATURE:1cxx_strong_enums
    Feature record: CXX_FEATURE:1cxx_template_template_parameters
    Feature record: CXX_FEATURE:1cxx_thread_local
    Feature record: CXX_FEATURE:1cxx_trailing_return_types
    Feature record: CXX_FEATURE:1cxx_unicode_literals
    Feature record: CXX_FEATURE:1cxx_uniform_initialization
    Feature record: CXX_FEATURE:1cxx_unrestricted_unions
    Feature record: CXX_FEATURE:1cxx_user_literals
    Feature record: CXX_FEATURE:1cxx_variable_templates
    Feature record: CXX_FEATURE:1cxx_variadic_macros
    Feature record: CXX_FEATURE:1cxx_variadic_templates


Detecting CXX [-std=c++11] compiler features compiled with the following output:
Change Dir: /home/admin-suz/Documents/Code/CGAL_TEST/CGAL-4.12.1/CMakeFiles/CMakeTmp

Run Build Command:"/usr/bin/make" "cmTC_a12ae/fast"
/usr/bin/make -f CMakeFiles/cmTC_a12ae.dir/build.make CMakeFiles/cmTC_a12ae.dir/build
make[1] : on entre dans le répertoire « /home/admin-suz/Documents/Code/CGAL_TEST/CGAL-4.12.1/CMakeFiles/CMakeTmp »
Building CXX object CMakeFiles/cmTC_a12ae.dir/feature_tests.cxx.o
/usr/bin/c++     -std=c++11 -o CMakeFiles/cmTC_a12ae.dir/feature_tests.cxx.o -c /home/admin-suz/Documents/Code/CGAL_TEST/CGAL-4.12.1/CMakeFiles/feature_tests.cxx
Linking CXX executable cmTC_a12ae
/usr/bin/cmake -E cmake_link_script CMakeFiles/cmTC_a12ae.dir/link.txt --verbose=1
/usr/bin/c++        CMakeFiles/cmTC_a12ae.dir/feature_tests.cxx.o  -o cmTC_a12ae -rdynamic 
make[1] : on quitte le répertoire « /home/admin-suz/Documents/Code/CGAL_TEST/CGAL-4.12.1/CMakeFiles/CMakeTmp »


    Feature record: CXX_FEATURE:0cxx_aggregate_default_initializers
    Feature record: CXX_FEATURE:1cxx_alias_templates
    Feature record: CXX_FEATURE:1cxx_alignas
    Feature record: CXX_FEATURE:1cxx_alignof
    Feature record: CXX_FEATURE:1cxx_attributes
    Feature record: CXX_FEATURE:0cxx_attribute_deprecated
    Feature record: CXX_FEATURE:1cxx_auto_type
    Feature record: CXX_FEATURE:0cxx_binary_literals
    Feature record: CXX_FEATURE:1cxx_constexpr
    Feature record: CXX_FEATURE:0cxx_contextual_conversions
    Feature record: CXX_FEATURE:1cxx_decltype
    Feature record: CXX_FEATURE:0cxx_decltype_auto
    Feature record: CXX_FEATURE:1cxx_decltype_incomplete_return_types
    Feature record: CXX_FEATURE:1cxx_default_function_template_args
    Feature record: CXX_FEATURE:1cxx_defaulted_functions
    Feature record: CXX_FEATURE:1cxx_defaulted_move_initializers
    Feature record: CXX_FEATURE:1cxx_delegating_constructors
    Feature record: CXX_FEATURE:1cxx_deleted_functions
    Feature record: CXX_FEATURE:0cxx_digit_separators
    Feature record: CXX_FEATURE:1cxx_enum_forward_declarations
    Feature record: CXX_FEATURE:1cxx_explicit_conversions
    Feature record: CXX_FEATURE:1cxx_extended_friend_declarations
    Feature record: CXX_FEATURE:1cxx_extern_templates
    Feature record: CXX_FEATURE:1cxx_final
    Feature record: CXX_FEATURE:1cxx_func_identifier
    Feature record: CXX_FEATURE:1cxx_generalized_initializers
    Feature record: CXX_FEATURE:0cxx_generic_lambdas
    Feature record: CXX_FEATURE:1cxx_inheriting_constructors
    Feature record: CXX_FEATURE:1cxx_inline_namespaces
    Feature record: CXX_FEATURE:1cxx_lambdas
    Feature record: CXX_FEATURE:0cxx_lambda_init_captures
    Feature record: CXX_FEATURE:1cxx_local_type_template_args
    Feature record: CXX_FEATURE:1cxx_long_long_type
    Feature record: CXX_FEATURE:1cxx_noexcept
    Feature record: CXX_FEATURE:1cxx_nonstatic_member_init
    Feature record: CXX_FEATURE:1cxx_nullptr
    Feature record: CXX_FEATURE:1cxx_override
    Feature record: CXX_FEATURE:1cxx_range_for
    Feature record: CXX_FEATURE:1cxx_raw_string_literals
    Feature record: CXX_FEATURE:1cxx_reference_qualified_functions
    Feature record: CXX_FEATURE:0cxx_relaxed_constexpr
    Feature record: CXX_FEATURE:0cxx_return_type_deduction
    Feature record: CXX_FEATURE:1cxx_right_angle_brackets
    Feature record: CXX_FEATURE:1cxx_rvalue_references
    Feature record: CXX_FEATURE:1cxx_sizeof_member
    Feature record: CXX_FEATURE:1cxx_static_assert
    Feature record: CXX_FEATURE:1cxx_strong_enums
    Feature record: CXX_FEATURE:1cxx_template_template_parameters
    Feature record: CXX_FEATURE:1cxx_thread_local
    Feature record: CXX_FEATURE:1cxx_trailing_return_types
    Feature record: CXX_FEATURE:1cxx_unicode_literals
    Feature record: CXX_FEATURE:1cxx_uniform_initialization
    Feature record: CXX_FEATURE:1cxx_unrestricted_unions
    Feature record: CXX_FEATURE:1cxx_user_literals
    Feature record: CXX_FEATURE:0cxx_variable_templates
    Feature record: CXX_FEATURE:1cxx_variadic_macros
    Feature record: CXX_FEATURE:1cxx_variadic_templates


Detecting CXX [-std=c++98] compiler features compiled with the following output:
Change Dir: /home/admin-suz/Documents/Code/CGAL_TEST/CGAL-4.12.1/CMakeFiles/CMakeTmp

Run Build Command:"/usr/bin/make" "cmTC_ea588/fast"
/usr/bin/make -f CMakeFiles/cmTC_ea588.dir/build.make CMakeFiles/cmTC_ea588.dir/build
make[1] : on entre dans le répertoire « /home/admin-suz/Documents/Code/CGAL_TEST/CGAL-4.12.1/CMakeFiles/CMakeTmp »
Building CXX object CMakeFiles/cmTC_ea588.dir/feature_tests.cxx.o
/usr/bin/c++     -std=c++98 -o CMakeFiles/cmTC_ea588.dir/feature_tests.cxx.o -c /home/admin-suz/Documents/Code/CGAL_TEST/CGAL-4.12.1/CMakeFiles/feature_tests.cxx
Linking CXX executable cmTC_ea588
/usr/bin/cmake -E cmake_link_script CMakeFiles/cmTC_ea588.dir/link.txt --verbose=1
/usr/bin/c++        CMakeFiles/cmTC_ea588.dir/feature_tests.cxx.o  -o cmTC_ea588 -rdynamic 
make[1] : on quitte le répertoire « /home/admin-suz/Documents/Code/CGAL_TEST/CGAL-4.12.1/CMakeFiles/CMakeTmp »


    Feature record: CXX_FEATURE:0cxx_aggregate_default_initializers
    Feature record: CXX_FEATURE:0cxx_alias_templates
    Feature record: CXX_FEATURE:0cxx_alignas
    Feature record: CXX_FEATURE:0cxx_alignof
    Feature record: CXX_FEATURE:0cxx_attributes
    Feature record: CXX_FEATURE:0cxx_attribute_deprecated
    Feature record: CXX_FEATURE:0cxx_auto_type
    Feature record: CXX_FEATURE:0cxx_binary_literals
    Feature record: CXX_FEATURE:0cxx_constexpr
    Feature record: CXX_FEATURE:0cxx_contextual_conversions
    Feature record: CXX_FEATURE:0cxx_decltype
    Feature record: CXX_FEATURE:0cxx_decltype_auto
    Feature record: CXX_FEATURE:0cxx_decltype_incomplete_return_types
    Feature record: CXX_FEATURE:0cxx_default_function_template_args
    Feature record: CXX_FEATURE:0cxx_defaulted_functions
    Feature record: CXX_FEATURE:0cxx_defaulted_move_initializers
    Feature record: CXX_FEATURE:0cxx_delegating_constructors
    Feature record: CXX_FEATURE:0cxx_deleted_functions
    Feature record: CXX_FEATURE:0cxx_digit_separators
    Feature record: CXX_FEATURE:0cxx_enum_forward_declarations
    Feature record: CXX_FEATURE:0cxx_explicit_conversions
    Feature record: CXX_FEATURE:0cxx_extended_friend_declarations
    Feature record: CXX_FEATURE:0cxx_extern_templates
    Feature record: CXX_FEATURE:0cxx_final
    Feature record: CXX_FEATURE:0cxx_func_identifier
    Feature record: CXX_FEATURE:0cxx_generalized_initializers
    Feature record: CXX_FEATURE:0cxx_generic_lambdas
    Feature record: CXX_FEATURE:0cxx_inheriting_constructors
    Feature record: CXX_FEATURE:0cxx_inline_namespaces
    Feature record: CXX_FEATURE:0cxx_lambdas
    Feature record: CXX_FEATURE:0cxx_lambda_init_captures
    Feature record: CXX_FEATURE:0cxx_local_type_template_args
    Feature record: CXX_FEATURE:0cxx_long_long_type
    Feature record: CXX_FEATURE:0cxx_noexcept
    Feature record: CXX_FEATURE:0cxx_nonstatic_member_init
    Feature record: CXX_FEATURE:0cxx_nullptr
    Feature record: CXX_FEATURE:0cxx_override
    Feature record: CXX_FEATURE:0cxx_range_for
    Feature record: CXX_FEATURE:0cxx_raw_string_literals
    Feature record: CXX_FEATURE:0cxx_reference_qualified_functions
    Feature record: CXX_FEATURE:0cxx_relaxed_constexpr
    Feature record: CXX_FEATURE:0cxx_return_type_deduction
    Feature record: CXX_FEATURE:0cxx_right_angle_brackets
    Feature record: CXX_FEATURE:0cxx_rvalue_references
    Feature record: CXX_FEATURE:0cxx_sizeof_member
    Feature record: CXX_FEATURE:0cxx_static_assert
    Feature record: CXX_FEATURE:0cxx_strong_enums
    Feature record: CXX_FEATURE:1cxx_template_template_parameters
    Feature record: CXX_FEATURE:0cxx_thread_local
    Feature record: CXX_FEATURE:0cxx_trailing_return_types
    Feature record: CXX_FEATURE:0cxx_unicode_literals
    Feature record: CXX_FEATURE:0cxx_uniform_initialization
    Feature record: CXX_FEATURE:0cxx_unrestricted_unions
    Feature record: CXX_FEATURE:0cxx_user_literals
    Feature record: CXX_FEATURE:0cxx_variable_templates
    Feature record: CXX_FEATURE:0cxx_variadic_macros
    Feature record: CXX_FEATURE:0cxx_variadic_templates
Determining if the C compiler works passed with the following output:
Change Dir: /home/admin-suz/Documents/Code/CGAL_TEST/CGAL-4.12.1/CMakeFiles/CMakeTmp

Run Build Command:"/usr/bin/make" "cmTC_c3613/fast"
/usr/bin/make -f CMakeFiles/cmTC_c3613.dir/build.make CMakeFiles/cmTC_c3613.dir/build
make[1] : on entre dans le répertoire « /home/admin-suz/Documents/Code/CGAL_TEST/CGAL-4.12.1/CMakeFiles/CMakeTmp »
Building C object CMakeFiles/cmTC_c3613.dir/testCCompiler.c.o
/usr/bin/cc     -o CMakeFiles/cmTC_c3613.dir/testCCompiler.c.o   -c /home/admin-suz/Documents/Code/CGAL_TEST/CGAL-4.12.1/CMakeFiles/CMakeTmp/testCCompiler.c
Linking C executable cmTC_c3613
/usr/bin/cmake -E cmake_link_script CMakeFiles/cmTC_c3613.dir/link.txt --verbose=1
/usr/bin/cc       CMakeFiles/cmTC_c3613.dir/testCCompiler.c.o  -o cmTC_c3613 -rdynamic 
make[1] : on quitte le répertoire « /home/admin-suz/Documents/Code/CGAL_TEST/CGAL-4.12.1/CMakeFiles/CMakeTmp »


Detecting C compiler ABI info compiled with the following output:
Change Dir: /home/admin-suz/Documents/Code/CGAL_TEST/CGAL-4.12.1/CMakeFiles/CMakeTmp

Run Build Command:"/usr/bin/make" "cmTC_09949/fast"
/usr/bin/make -f CMakeFiles/cmTC_09949.dir/build.make CMakeFiles/cmTC_09949.dir/build
make[1] : on entre dans le répertoire « /home/admin-suz/Documents/Code/CGAL_TEST/CGAL-4.12.1/CMakeFiles/CMakeTmp »
Building C object CMakeFiles/cmTC_09949.dir/CMakeCCompilerABI.c.o
/usr/bin/cc     -o CMakeFiles/cmTC_09949.dir/CMakeCCompilerABI.c.o   -c /usr/share/cmake-3.5/Modules/CMakeCCompilerABI.c
Linking C executable cmTC_09949
/usr/bin/cmake -E cmake_link_script CMakeFiles/cmTC_09949.dir/link.txt --verbose=1
/usr/bin/cc      -v CMakeFiles/cmTC_09949.dir/CMakeCCompilerABI.c.o  -o cmTC_09949 -rdynamic  
Using built-in specs.
COLLECT_GCC=/usr/bin/cc
COLLECT_LTO_WRAPPER=/usr/lib/gcc/x86_64-linux-gnu/5/lto-wrapper
Target: x86_64-linux-gnu
Configured with: ../src/configure -v --with-pkgversion='Ubuntu 5.4.0-6ubuntu1~16.04.10' --with-bugurl=file:///usr/share/doc/gcc-5/README.Bugs --enable-languages=c,ada,c++,java,go,d,fortran,objc,obj-c++ --prefix=/usr --program-suffix=-5 --enable-shared --enable-linker-build-id --libexecdir=/usr/lib --without-included-gettext --enable-threads=posix --libdir=/usr/lib --enable-nls --with-sysroot=/ --enable-clocale=gnu --enable-libstdcxx-debug --enable-libstdcxx-time=yes --with-default-libstdcxx-abi=new --enable-gnu-unique-object --disable-vtable-verify --enable-libmpx --enable-plugin --with-system-zlib --disable-browser-plugin --enable-java-awt=gtk --enable-gtk-cairo --with-java-home=/usr/lib/jvm/java-1.5.0-gcj-5-amd64/jre --enable-java-home --with-jvm-root-dir=/usr/lib/jvm/java-1.5.0-gcj-5-amd64 --with-jvm-jar-dir=/usr/lib/jvm-exports/java-1.5.0-gcj-5-amd64 --with-arch-directory=amd64 --with-ecj-jar=/usr/share/java/eclipse-ecj.jar --enable-objc-gc --enable-multiarch --disable-werror --with-arch-32=i686 --with-abi=m64 --with-multilib-list=m32,m64,mx32 --enable-multilib --with-tune=generic --enable-checking=release --build=x86_64-linux-gnu --host=x86_64-linux-gnu --target=x86_64-linux-gnu
Thread model: posix
gcc version 5.4.0 20160609 (Ubuntu 5.4.0-6ubuntu1~16.04.10) 
COMPILER_PATH=/usr/lib/gcc/x86_64-linux-gnu/5/:/usr/lib/gcc/x86_64-linux-gnu/5/:/usr/lib/gcc/x86_64-linux-gnu/:/usr/lib/gcc/x86_64-linux-gnu/5/:/usr/lib/gcc/x86_64-linux-gnu/
LIBRARY_PATH=/usr/lib/gcc/x86_64-linux-gnu/5/:/usr/lib/gcc/x86_64-linux-gnu/5/../../../x86_64-linux-gnu/:/usr/lib/gcc/x86_64-linux-gnu/5/../../../../lib/:/lib/x86_64-linux-gnu/:/lib/../lib/:/usr/lib/x86_64-linux-gnu/:/usr/lib/../lib/:/usr/lib/gcc/x86_64-linux-gnu/5/../../../:/lib/:/usr/lib/
COLLECT_GCC_OPTIONS='-v' '-o' 'cmTC_09949' '-rdynamic' '-mtune=generic' '-march=x86-64'
 /usr/lib/gcc/x86_64-linux-gnu/5/collect2 -plugin /usr/lib/gcc/x86_64-linux-gnu/5/liblto_plugin.so -plugin-opt=/usr/lib/gcc/x86_64-linux-gnu/5/lto-wrapper -plugin-opt=-fresolution=/tmp/ccFKKb8Y.res -plugin-opt=-pass-through=-lgcc -plugin-opt=-pass-through=-lgcc_s -plugin-opt=-pass-through=-lc -plugin-opt=-pass-through=-lgcc -plugin-opt=-pass-through=-lgcc_s --sysroot=/ --build-id --eh-frame-hdr -m elf_x86_64 --hash-style=gnu --as-needed -export-dynamic -dynamic-linker /lib64/ld-linux-x86-64.so.2 -z relro -o cmTC_09949 /usr/lib/gcc/x86_64-linux-gnu/5/../../../x86_64-linux-gnu/crt1.o /usr/lib/gcc/x86_64-linux-gnu/5/../../../x86_64-linux-gnu/crti.o /usr/lib/gcc/x86_64-linux-gnu/5/crtbegin.o -L/usr/lib/gcc/x86_64-linux-gnu/5 -L/usr/lib/gcc/x86_64-linux-gnu/5/../../../x86_64-linux-gnu -L/usr/lib/gcc/x86_64-linux-gnu/5/../../../../lib -L/lib/x86_64-linux-gnu -L/lib/../lib -L/usr/lib/x86_64-linux-gnu -L/usr/lib/../lib -L/usr/lib/gcc/x86_64-linux-gnu/5/../../.. CMakeFiles/cmTC_09949.dir/CMakeCCompilerABI.c.o -lgcc --as-needed -lgcc_s --no-as-needed -lc -lgcc --as-needed -lgcc_s --no-as-needed /usr/lib/gcc/x86_64-linux-gnu/5/crtend.o /usr/lib/gcc/x86_64-linux-gnu/5/../../../x86_64-linux-gnu/crtn.o
make[1] : on quitte le répertoire « /home/admin-suz/Documents/Code/CGAL_TEST/CGAL-4.12.1/CMakeFiles/CMakeTmp »


Parsed C implicit link information from above output:
  link line regex: [^( *|.*[/\])(ld|([^/\]+-)?ld|collect2)[^/\]*( |$)]
  ignore line: [Change Dir: /home/admin-suz/Documents/Code/CGAL_TEST/CGAL-4.12.1/CMakeFiles/CMakeTmp]
  ignore line: []
  ignore line: [Run Build Command:"/usr/bin/make" "cmTC_09949/fast"]
  ignore line: [/usr/bin/make -f CMakeFiles/cmTC_09949.dir/build.make CMakeFiles/cmTC_09949.dir/build]
  ignore line: [make[1] : on entre dans le répertoire « /home/admin-suz/Documents/Code/CGAL_TEST/CGAL-4.12.1/CMakeFiles/CMakeTmp »]
  ignore line: [Building C object CMakeFiles/cmTC_09949.dir/CMakeCCompilerABI.c.o]
  ignore line: [/usr/bin/cc     -o CMakeFiles/cmTC_09949.dir/CMakeCCompilerABI.c.o   -c /usr/share/cmake-3.5/Modules/CMakeCCompilerABI.c]
  ignore line: [Linking C executable cmTC_09949]
  ignore line: [/usr/bin/cmake -E cmake_link_script CMakeFiles/cmTC_09949.dir/link.txt --verbose=1]
  ignore line: [/usr/bin/cc      -v CMakeFiles/cmTC_09949.dir/CMakeCCompilerABI.c.o  -o cmTC_09949 -rdynamic  ]
  ignore line: [Using built-in specs.]
  ignore line: [COLLECT_GCC=/usr/bin/cc]
  ignore line: [COLLECT_LTO_WRAPPER=/usr/lib/gcc/x86_64-linux-gnu/5/lto-wrapper]
  ignore line: [Target: x86_64-linux-gnu]
  ignore line: [Configured with: ../src/configure -v --with-pkgversion='Ubuntu 5.4.0-6ubuntu1~16.04.10' --with-bugurl=file:///usr/share/doc/gcc-5/README.Bugs --enable-languages=c,ada,c++,java,go,d,fortran,objc,obj-c++ --prefix=/usr --program-suffix=-5 --enable-shared --enable-linker-build-id --libexecdir=/usr/lib --without-included-gettext --enable-threads=posix --libdir=/usr/lib --enable-nls --with-sysroot=/ --enable-clocale=gnu --enable-libstdcxx-debug --enable-libstdcxx-time=yes --with-default-libstdcxx-abi=new --enable-gnu-unique-object --disable-vtable-verify --enable-libmpx --enable-plugin --with-system-zlib --disable-browser-plugin --enable-java-awt=gtk --enable-gtk-cairo --with-java-home=/usr/lib/jvm/java-1.5.0-gcj-5-amd64/jre --enable-java-home --with-jvm-root-dir=/usr/lib/jvm/java-1.5.0-gcj-5-amd64 --with-jvm-jar-dir=/usr/lib/jvm-exports/java-1.5.0-gcj-5-amd64 --with-arch-directory=amd64 --with-ecj-jar=/usr/share/java/eclipse-ecj.jar --enable-objc-gc --enable-multiarch --disable-werror --with-arch-32=i686 --with-abi=m64 --with-multilib-list=m32,m64,mx32 --enable-multilib --with-tune=generic --enable-checking=release --build=x86_64-linux-gnu --host=x86_64-linux-gnu --target=x86_64-linux-gnu]
  ignore line: [Thread model: posix]
  ignore line: [gcc version 5.4.0 20160609 (Ubuntu 5.4.0-6ubuntu1~16.04.10) ]
  ignore line: [COMPILER_PATH=/usr/lib/gcc/x86_64-linux-gnu/5/:/usr/lib/gcc/x86_64-linux-gnu/5/:/usr/lib/gcc/x86_64-linux-gnu/:/usr/lib/gcc/x86_64-linux-gnu/5/:/usr/lib/gcc/x86_64-linux-gnu/]
  ignore line: [LIBRARY_PATH=/usr/lib/gcc/x86_64-linux-gnu/5/:/usr/lib/gcc/x86_64-linux-gnu/5/../../../x86_64-linux-gnu/:/usr/lib/gcc/x86_64-linux-gnu/5/../../../../lib/:/lib/x86_64-linux-gnu/:/lib/../lib/:/usr/lib/x86_64-linux-gnu/:/usr/lib/../lib/:/usr/lib/gcc/x86_64-linux-gnu/5/../../../:/lib/:/usr/lib/]
  ignore line: [COLLECT_GCC_OPTIONS='-v' '-o' 'cmTC_09949' '-rdynamic' '-mtune=generic' '-march=x86-64']
  link line: [ /usr/lib/gcc/x86_64-linux-gnu/5/collect2 -plugin /usr/lib/gcc/x86_64-linux-gnu/5/liblto_plugin.so -plugin-opt=/usr/lib/gcc/x86_64-linux-gnu/5/lto-wrapper -plugin-opt=-fresolution=/tmp/ccFKKb8Y.res -plugin-opt=-pass-through=-lgcc -plugin-opt=-pass-through=-lgcc_s -plugin-opt=-pass-through=-lc -plugin-opt=-pass-through=-lgcc -plugin-opt=-pass-through=-lgcc_s --sysroot=/ --build-id --eh-frame-hdr -m elf_x86_64 --hash-style=gnu --as-needed -export-dynamic -dynamic-linker /lib64/ld-linux-x86-64.so.2 -z relro -o cmTC_09949 /usr/lib/gcc/x86_64-linux-gnu/5/../../../x86_64-linux-gnu/crt1.o /usr/lib/gcc/x86_64-linux-gnu/5/../../../x86_64-linux-gnu/crti.o /usr/lib/gcc/x86_64-linux-gnu/5/crtbegin.o -L/usr/lib/gcc/x86_64-linux-gnu/5 -L/usr/lib/gcc/x86_64-linux-gnu/5/../../../x86_64-linux-gnu -L/usr/lib/gcc/x86_64-linux-gnu/5/../../../../lib -L/lib/x86_64-linux-gnu -L/lib/../lib -L/usr/lib/x86_64-linux-gnu -L/usr/lib/../lib -L/usr/lib/gcc/x86_64-linux-gnu/5/../../.. CMakeFiles/cmTC_09949.dir/CMakeCCompilerABI.c.o -lgcc --as-needed -lgcc_s --no-as-needed -lc -lgcc --as-needed -lgcc_s --no-as-needed /usr/lib/gcc/x86_64-linux-gnu/5/crtend.o /usr/lib/gcc/x86_64-linux-gnu/5/../../../x86_64-linux-gnu/crtn.o]
    arg [/usr/lib/gcc/x86_64-linux-gnu/5/collect2] ==> ignore
    arg [-plugin] ==> ignore
    arg [/usr/lib/gcc/x86_64-linux-gnu/5/liblto_plugin.so] ==> ignore
    arg [-plugin-opt=/usr/lib/gcc/x86_64-linux-gnu/5/lto-wrapper] ==> ignore
    arg [-plugin-opt=-fresolution=/tmp/ccFKKb8Y.res] ==> ignore
    arg [-plugin-opt=-pass-through=-lgcc] ==> ignore
    arg [-plugin-opt=-pass-through=-lgcc_s] ==> ignore
    arg [-plugin-opt=-pass-through=-lc] ==> ignore
    arg [-plugin-opt=-pass-through=-lgcc] ==> ignore
    arg [-plugin-opt=-pass-through=-lgcc_s] ==> ignore
    arg [--sysroot=/] ==> ignore
    arg [--build-id] ==> ignore
    arg [--eh-frame-hdr] ==> ignore
    arg [-m] ==> ignore
    arg [elf_x86_64] ==> ignore
    arg [--hash-style=gnu] ==> ignore
    arg [--as-needed] ==> ignore
    arg [-export-dynamic] ==> ignore
    arg [-dynamic-linker] ==> ignore
    arg [/lib64/ld-linux-x86-64.so.2] ==> ignore
    arg [-zrelro] ==> ignore
    arg [-o] ==> ignore
    arg [cmTC_09949] ==> ignore
    arg [/usr/lib/gcc/x86_64-linux-gnu/5/../../../x86_64-linux-gnu/crt1.o] ==> ignore
    arg [/usr/lib/gcc/x86_64-linux-gnu/5/../../../x86_64-linux-gnu/crti.o] ==> ignore
    arg [/usr/lib/gcc/x86_64-linux-gnu/5/crtbegin.o] ==> ignore
    arg [-L/usr/lib/gcc/x86_64-linux-gnu/5] ==> dir [/usr/lib/gcc/x86_64-linux-gnu/5]
    arg [-L/usr/lib/gcc/x86_64-linux-gnu/5/../../../x86_64-linux-gnu] ==> dir [/usr/lib/gcc/x86_64-linux-gnu/5/../../../x86_64-linux-gnu]
    arg [-L/usr/lib/gcc/x86_64-linux-gnu/5/../../../../lib] ==> dir [/usr/lib/gcc/x86_64-linux-gnu/5/../../../../lib]
    arg [-L/lib/x86_64-linux-gnu] ==> dir [/lib/x86_64-linux-gnu]
    arg [-L/lib/../lib] ==> dir [/lib/../lib]
    arg [-L/usr/lib/x86_64-linux-gnu] ==> dir [/usr/lib/x86_64-linux-gnu]
    arg [-L/usr/lib/../lib] ==> dir [/usr/lib/../lib]
    arg [-L/usr/lib/gcc/x86_64-linux-gnu/5/../../..] ==> dir [/usr/lib/gcc/x86_64-linux-gnu/5/../../..]
    arg [CMakeFiles/cmTC_09949.dir/CMakeCCompilerABI.c.o] ==> ignore
    arg [-lgcc] ==> lib [gcc]
    arg [--as-needed] ==> ignore
    arg [-lgcc_s] ==> lib [gcc_s]
    arg [--no-as-needed] ==> ignore
    arg [-lc] ==> lib [c]
    arg [-lgcc] ==> lib [gcc]
    arg [--as-needed] ==> ignore
    arg [-lgcc_s] ==> lib [gcc_s]
    arg [--no-as-needed] ==> ignore
    arg [/usr/lib/gcc/x86_64-linux-gnu/5/crtend.o] ==> ignore
    arg [/usr/lib/gcc/x86_64-linux-gnu/5/../../../x86_64-linux-gnu/crtn.o] ==> ignore
  remove lib [gcc]
  remove lib [gcc_s]
  remove lib [gcc]
  remove lib [gcc_s]
  collapse library dir [/usr/lib/gcc/x86_64-linux-gnu/5] ==> [/usr/lib/gcc/x86_64-linux-gnu/5]
  collapse library dir [/usr/lib/gcc/x86_64-linux-gnu/5/../../../x86_64-linux-gnu] ==> [/usr/lib/x86_64-linux-gnu]
  collapse library dir [/usr/lib/gcc/x86_64-linux-gnu/5/../../../../lib] ==> [/usr/lib]
  collapse library dir [/lib/x86_64-linux-gnu] ==> [/lib/x86_64-linux-gnu]
  collapse library dir [/lib/../lib] ==> [/lib]
  collapse library dir [/usr/lib/x86_64-linux-gnu] ==> [/usr/lib/x86_64-linux-gnu]
  collapse library dir [/usr/lib/../lib] ==> [/usr/lib]
  collapse library dir [/usr/lib/gcc/x86_64-linux-gnu/5/../../..] ==> [/usr/lib]
  implicit libs: [c]
  implicit dirs: [/usr/lib/gcc/x86_64-linux-gnu/5;/usr/lib/x86_64-linux-gnu;/usr/lib;/lib/x86_64-linux-gnu;/lib]
  implicit fwks: []




Detecting C [-std=c11] compiler features compiled with the following output:
Change Dir: /home/admin-suz/Documents/Code/CGAL_TEST/CGAL-4.12.1/CMakeFiles/CMakeTmp

Run Build Command:"/usr/bin/make" "cmTC_3999f/fast"
/usr/bin/make -f CMakeFiles/cmTC_3999f.dir/build.make CMakeFiles/cmTC_3999f.dir/build
make[1] : on entre dans le répertoire « /home/admin-suz/Documents/Code/CGAL_TEST/CGAL-4.12.1/CMakeFiles/CMakeTmp »
Building C object CMakeFiles/cmTC_3999f.dir/feature_tests.c.o
/usr/bin/cc    -std=c11 -o CMakeFiles/cmTC_3999f.dir/feature_tests.c.o   -c /home/admin-suz/Documents/Code/CGAL_TEST/CGAL-4.12.1/CMakeFiles/feature_tests.c
Linking C executable cmTC_3999f
/usr/bin/cmake -E cmake_link_script CMakeFiles/cmTC_3999f.dir/link.txt --verbose=1
/usr/bin/cc       CMakeFiles/cmTC_3999f.dir/feature_tests.c.o  -o cmTC_3999f -rdynamic 
make[1] : on quitte le répertoire « /home/admin-suz/Documents/Code/CGAL_TEST/CGAL-4.12.1/CMakeFiles/CMakeTmp »


    Feature record: C_FEATURE:1c_function_prototypes
    Feature record: C_FEATURE:1c_restrict
    Feature record: C_FEATURE:1c_static_assert
    Feature record: C_FEATURE:1c_variadic_macros


Detecting C [-std=c99] compiler features compiled with the following output:
Change Dir: /home/admin-suz/Documents/Code/CGAL_TEST/CGAL-4.12.1/CMakeFiles/CMakeTmp

Run Build Command:"/usr/bin/make" "cmTC_9b35f/fast"
/usr/bin/make -f CMakeFiles/cmTC_9b35f.dir/build.make CMakeFiles/cmTC_9b35f.dir/build
make[1] : on entre dans le répertoire « /home/admin-suz/Documents/Code/CGAL_TEST/CGAL-4.12.1/CMakeFiles/CMakeTmp »
Building C object CMakeFiles/cmTC_9b35f.dir/feature_tests.c.o
/usr/bin/cc    -std=c99 -o CMakeFiles/cmTC_9b35f.dir/feature_tests.c.o   -c /home/admin-suz/Documents/Code/CGAL_TEST/CGAL-4.12.1/CMakeFiles/feature_tests.c
Linking C executable cmTC_9b35f
/usr/bin/cmake -E cmake_link_script CMakeFiles/cmTC_9b35f.dir/link.txt --verbose=1
/usr/bin/cc       CMakeFiles/cmTC_9b35f.dir/feature_tests.c.o  -o cmTC_9b35f -rdynamic 
make[1] : on quitte le répertoire « /home/admin-suz/Documents/Code/CGAL_TEST/CGAL-4.12.1/CMakeFiles/CMakeTmp »


    Feature record: C_FEATURE:1c_function_prototypes
    Feature record: C_FEATURE:1c_restrict
    Feature record: C_FEATURE:0c_static_assert
    Feature record: C_FEATURE:1c_variadic_macros


Detecting C [-std=c90] compiler features compiled with the following output:
Change Dir: /home/admin-suz/Documents/Code/CGAL_TEST/CGAL-4.12.1/CMakeFiles/CMakeTmp

Run Build Command:"/usr/bin/make" "cmTC_3b93b/fast"
/usr/bin/make -f CMakeFiles/cmTC_3b93b.dir/build.make CMakeFiles/cmTC_3b93b.dir/build
make[1] : on entre dans le répertoire « /home/admin-suz/Documents/Code/CGAL_TEST/CGAL-4.12.1/CMakeFiles/CMakeTmp »
Building C object CMakeFiles/cmTC_3b93b.dir/feature_tests.c.o
/usr/bin/cc    -std=c90 -o CMakeFiles/cmTC_3b93b.dir/feature_tests.c.o   -c /home/admin-suz/Documents/Code/CGAL_TEST/CGAL-4.12.1/CMakeFiles/feature_tests.c
Linking C executable cmTC_3b93b
/usr/bin/cmake -E cmake_link_script CMakeFiles/cmTC_3b93b.dir/link.txt --verbose=1
/usr/bin/cc       CMakeFiles/cmTC_3b93b.dir/feature_tests.c.o  -o cmTC_3b93b -rdynamic 
make[1] : on quitte le répertoire « /home/admin-suz/Documents/Code/CGAL_TEST/CGAL-4.12.1/CMakeFiles/CMakeTmp »


    Feature record: C_FEATURE:1c_function_prototypes
    Feature record: C_FEATURE:0c_restrict
    Feature record: C_FEATURE:0c_static_assert
    Feature record: C_FEATURE:0c_variadic_macros
Determining if the include file pthread.h exists passed with the following output:
Change Dir: /home/admin-suz/Documents/Code/CGAL_TEST/CGAL-4.12.1/CMakeFiles/CMakeTmp

Run Build Command:"/usr/bin/make" "cmTC_0102e/fast"
/usr/bin/make -f CMakeFiles/cmTC_0102e.dir/build.make CMakeFiles/cmTC_0102e.dir/build
make[1] : on entre dans le répertoire « /home/admin-suz/Documents/Code/CGAL_TEST/CGAL-4.12.1/CMakeFiles/CMakeTmp »
Building C object CMakeFiles/cmTC_0102e.dir/CheckIncludeFile.c.o
/usr/bin/cc     -o CMakeFiles/cmTC_0102e.dir/CheckIncludeFile.c.o   -c /home/admin-suz/Documents/Code/CGAL_TEST/CGAL-4.12.1/CMakeFiles/CMakeTmp/CheckIncludeFile.c
Linking C executable cmTC_0102e
/usr/bin/cmake -E cmake_link_script CMakeFiles/cmTC_0102e.dir/link.txt --verbose=1
/usr/bin/cc       CMakeFiles/cmTC_0102e.dir/CheckIncludeFile.c.o  -o cmTC_0102e -rdynamic 
make[1] : on quitte le répertoire « /home/admin-suz/Documents/Code/CGAL_TEST/CGAL-4.12.1/CMakeFiles/CMakeTmp »


Determining if the function pthread_create exists in the pthread passed with the following output:
Change Dir: /home/admin-suz/Documents/Code/CGAL_TEST/CGAL-4.12.1/CMakeFiles/CMakeTmp

Run Build Command:"/usr/bin/make" "cmTC_541df/fast"
/usr/bin/make -f CMakeFiles/cmTC_541df.dir/build.make CMakeFiles/cmTC_541df.dir/build
make[1] : on entre dans le répertoire « /home/admin-suz/Documents/Code/CGAL_TEST/CGAL-4.12.1/CMakeFiles/CMakeTmp »
Building C object CMakeFiles/cmTC_541df.dir/CheckFunctionExists.c.o
/usr/bin/cc    -DCHECK_FUNCTION_EXISTS=pthread_create   -o CMakeFiles/cmTC_541df.dir/CheckFunctionExists.c.o   -c /usr/share/cmake-3.5/Modules/CheckFunctionExists.c
Linking C executable cmTC_541df
/usr/bin/cmake -E cmake_link_script CMakeFiles/cmTC_541df.dir/link.txt --verbose=1
/usr/bin/cc   -DCHECK_FUNCTION_EXISTS=pthread_create    CMakeFiles/cmTC_541df.dir/CheckFunctionExists.c.o  -o cmTC_541df -rdynamic -lpthread 
make[1] : on quitte le répertoire « /home/admin-suz/Documents/Code/CGAL_TEST/CGAL-4.12.1/CMakeFiles/CMakeTmp »


Performing C++ SOURCE FILE Test CGAL_CFG_DENORMALS_COMPILE_BUG succeded with the following output:
Change Dir: /home/admin-suz/Documents/Code/CGAL_TEST/CGAL-4.12.1/CMakeFiles/CMakeTmp

Run Build Command:"/usr/bin/make" "cmTC_1b3dc/fast"
/usr/bin/make -f CMakeFiles/cmTC_1b3dc.dir/build.make CMakeFiles/cmTC_1b3dc.dir/build
make[1] : on entre dans le répertoire « /home/admin-suz/Documents/Code/CGAL_TEST/CGAL-4.12.1/CMakeFiles/CMakeTmp »
Building CXX object CMakeFiles/cmTC_1b3dc.dir/CGAL_CFG_DENORMALS_COMPILE_BUG.cpp.o
/usr/bin/c++      -o CMakeFiles/cmTC_1b3dc.dir/CGAL_CFG_DENORMALS_COMPILE_BUG.cpp.o -c /home/admin-suz/Documents/Code/CGAL_TEST/CGAL-4.12.1/cmake/modules/config/testfiles/CGAL_CFG_DENORMALS_COMPILE_BUG.cpp
Linking CXX executable cmTC_1b3dc
/usr/bin/cmake -E cmake_link_script CMakeFiles/cmTC_1b3dc.dir/link.txt --verbose=1
/usr/bin/c++        CMakeFiles/cmTC_1b3dc.dir/CGAL_CFG_DENORMALS_COMPILE_BUG.cpp.o  -o cmTC_1b3dc -rdynamic 
make[1] : on quitte le répertoire « /home/admin-suz/Documents/Code/CGAL_TEST/CGAL-4.12.1/CMakeFiles/CMakeTmp »

Source file was:

Performing C++ SOURCE FILE Test CGAL_CFG_FPU_ROUNDING_MODE_UNWINDING_VC_BUG succeded with the following output:
Change Dir: /home/admin-suz/Documents/Code/CGAL_TEST/CGAL-4.12.1/CMakeFiles/CMakeTmp

Run Build Command:"/usr/bin/make" "cmTC_82a53/fast"
/usr/bin/make -f CMakeFiles/cmTC_82a53.dir/build.make CMakeFiles/cmTC_82a53.dir/build
make[1] : on entre dans le répertoire « /home/admin-suz/Documents/Code/CGAL_TEST/CGAL-4.12.1/CMakeFiles/CMakeTmp »
Building CXX object CMakeFiles/cmTC_82a53.dir/CGAL_CFG_FPU_ROUNDING_MODE_UNWINDING_VC_BUG.cpp.o
/usr/bin/c++      -o CMakeFiles/cmTC_82a53.dir/CGAL_CFG_FPU_ROUNDING_MODE_UNWINDING_VC_BUG.cpp.o -c /home/admin-suz/Documents/Code/CGAL_TEST/CGAL-4.12.1/cmake/modules/config/testfiles/CGAL_CFG_FPU_ROUNDING_MODE_UNWINDING_VC_BUG.cpp
Linking CXX executable cmTC_82a53
/usr/bin/cmake -E cmake_link_script CMakeFiles/cmTC_82a53.dir/link.txt --verbose=1
/usr/bin/c++        CMakeFiles/cmTC_82a53.dir/CGAL_CFG_FPU_ROUNDING_MODE_UNWINDING_VC_BUG.cpp.o  -o cmTC_82a53 -rdynamic 
make[1] : on quitte le répertoire « /home/admin-suz/Documents/Code/CGAL_TEST/CGAL-4.12.1/CMakeFiles/CMakeTmp »

Source file was:

Performing C++ SOURCE FILE Test CGAL_CFG_IEEE_754_BUG succeded with the following output:
Change Dir: /home/admin-suz/Documents/Code/CGAL_TEST/CGAL-4.12.1/CMakeFiles/CMakeTmp

Run Build Command:"/usr/bin/make" "cmTC_8561d/fast"
/usr/bin/make -f CMakeFiles/cmTC_8561d.dir/build.make CMakeFiles/cmTC_8561d.dir/build
make[1] : on entre dans le répertoire « /home/admin-suz/Documents/Code/CGAL_TEST/CGAL-4.12.1/CMakeFiles/CMakeTmp »
Building CXX object CMakeFiles/cmTC_8561d.dir/CGAL_CFG_IEEE_754_BUG.cpp.o
/usr/bin/c++      -o CMakeFiles/cmTC_8561d.dir/CGAL_CFG_IEEE_754_BUG.cpp.o -c /home/admin-suz/Documents/Code/CGAL_TEST/CGAL-4.12.1/cmake/modules/config/testfiles/CGAL_CFG_IEEE_754_BUG.cpp
Linking CXX executable cmTC_8561d
/usr/bin/cmake -E cmake_link_script CMakeFiles/cmTC_8561d.dir/link.txt --verbose=1
/usr/bin/c++        CMakeFiles/cmTC_8561d.dir/CGAL_CFG_IEEE_754_BUG.cpp.o  -o cmTC_8561d -rdynamic 
make[1] : on quitte le répertoire « /home/admin-suz/Documents/Code/CGAL_TEST/CGAL-4.12.1/CMakeFiles/CMakeTmp »

Source file was:

Performing C++ SOURCE FILE Test CGAL_CFG_ISTREAM_INT_BUG succeded with the following output:
Change Dir: /home/admin-suz/Documents/Code/CGAL_TEST/CGAL-4.12.1/CMakeFiles/CMakeTmp

Run Build Command:"/usr/bin/make" "cmTC_87fe4/fast"
/usr/bin/make -f CMakeFiles/cmTC_87fe4.dir/build.make CMakeFiles/cmTC_87fe4.dir/build
make[1] : on entre dans le répertoire « /home/admin-suz/Documents/Code/CGAL_TEST/CGAL-4.12.1/CMakeFiles/CMakeTmp »
Building CXX object CMakeFiles/cmTC_87fe4.dir/CGAL_CFG_ISTREAM_INT_BUG.cpp.o
/usr/bin/c++      -o CMakeFiles/cmTC_87fe4.dir/CGAL_CFG_ISTREAM_INT_BUG.cpp.o -c /home/admin-suz/Documents/Code/CGAL_TEST/CGAL-4.12.1/cmake/modules/config/testfiles/CGAL_CFG_ISTREAM_INT_BUG.cpp
Linking CXX executable cmTC_87fe4
/usr/bin/cmake -E cmake_link_script CMakeFiles/cmTC_87fe4.dir/link.txt --verbose=1
/usr/bin/c++        CMakeFiles/cmTC_87fe4.dir/CGAL_CFG_ISTREAM_INT_BUG.cpp.o  -o cmTC_87fe4 -rdynamic 
make[1] : on quitte le répertoire « /home/admin-suz/Documents/Code/CGAL_TEST/CGAL-4.12.1/CMakeFiles/CMakeTmp »
7812

Source file was:

Performing C++ SOURCE FILE Test CGAL_CFG_MATCHING_BUG_5 succeded with the following output:
Change Dir: /home/admin-suz/Documents/Code/CGAL_TEST/CGAL-4.12.1/CMakeFiles/CMakeTmp

Run Build Command:"/usr/bin/make" "cmTC_c401f/fast"
/usr/bin/make -f CMakeFiles/cmTC_c401f.dir/build.make CMakeFiles/cmTC_c401f.dir/build
make[1] : on entre dans le répertoire « /home/admin-suz/Documents/Code/CGAL_TEST/CGAL-4.12.1/CMakeFiles/CMakeTmp »
Building CXX object CMakeFiles/cmTC_c401f.dir/CGAL_CFG_MATCHING_BUG_5.cpp.o
/usr/bin/c++      -o CMakeFiles/cmTC_c401f.dir/CGAL_CFG_MATCHING_BUG_5.cpp.o -c /home/admin-suz/Documents/Code/CGAL_TEST/CGAL-4.12.1/cmake/modules/config/testfiles/CGAL_CFG_MATCHING_BUG_5.cpp
Linking CXX executable cmTC_c401f
/usr/bin/cmake -E cmake_link_script CMakeFiles/cmTC_c401f.dir/link.txt --verbose=1
/usr/bin/c++        CMakeFiles/cmTC_c401f.dir/CGAL_CFG_MATCHING_BUG_5.cpp.o  -o cmTC_c401f -rdynamic 
make[1] : on quitte le répertoire « /home/admin-suz/Documents/Code/CGAL_TEST/CGAL-4.12.1/CMakeFiles/CMakeTmp »

Source file was:

Performing C++ SOURCE FILE Test CGAL_CFG_MATCHING_BUG_6 succeded with the following output:
Change Dir: /home/admin-suz/Documents/Code/CGAL_TEST/CGAL-4.12.1/CMakeFiles/CMakeTmp

Run Build Command:"/usr/bin/make" "cmTC_aad02/fast"
/usr/bin/make -f CMakeFiles/cmTC_aad02.dir/build.make CMakeFiles/cmTC_aad02.dir/build
make[1] : on entre dans le répertoire « /home/admin-suz/Documents/Code/CGAL_TEST/CGAL-4.12.1/CMakeFiles/CMakeTmp »
Building CXX object CMakeFiles/cmTC_aad02.dir/CGAL_CFG_MATCHING_BUG_6.cpp.o
/usr/bin/c++      -o CMakeFiles/cmTC_aad02.dir/CGAL_CFG_MATCHING_BUG_6.cpp.o -c /home/admin-suz/Documents/Code/CGAL_TEST/CGAL-4.12.1/cmake/modules/config/testfiles/CGAL_CFG_MATCHING_BUG_6.cpp
Linking CXX executable cmTC_aad02
/usr/bin/cmake -E cmake_link_script CMakeFiles/cmTC_aad02.dir/link.txt --verbose=1
/usr/bin/c++        CMakeFiles/cmTC_aad02.dir/CGAL_CFG_MATCHING_BUG_6.cpp.o  -o cmTC_aad02 -rdynamic 
make[1] : on quitte le répertoire « /home/admin-suz/Documents/Code/CGAL_TEST/CGAL-4.12.1/CMakeFiles/CMakeTmp »

Source file was:

Performing C++ SOURCE FILE Test CGAL_CFG_MATCHING_BUG_7 succeded with the following output:
Change Dir: /home/admin-suz/Documents/Code/CGAL_TEST/CGAL-4.12.1/CMakeFiles/CMakeTmp

Run Build Command:"/usr/bin/make" "cmTC_1bce4/fast"
/usr/bin/make -f CMakeFiles/cmTC_1bce4.dir/build.make CMakeFiles/cmTC_1bce4.dir/build
make[1] : on entre dans le répertoire « /home/admin-suz/Documents/Code/CGAL_TEST/CGAL-4.12.1/CMakeFiles/CMakeTmp »
Building CXX object CMakeFiles/cmTC_1bce4.dir/CGAL_CFG_MATCHING_BUG_7.cpp.o
/usr/bin/c++      -o CMakeFiles/cmTC_1bce4.dir/CGAL_CFG_MATCHING_BUG_7.cpp.o -c /home/admin-suz/Documents/Code/CGAL_TEST/CGAL-4.12.1/cmake/modules/config/testfiles/CGAL_CFG_MATCHING_BUG_7.cpp
Linking CXX executable cmTC_1bce4
/usr/bin/cmake -E cmake_link_script CMakeFiles/cmTC_1bce4.dir/link.txt --verbose=1
/usr/bin/c++        CMakeFiles/cmTC_1bce4.dir/CGAL_CFG_MATCHING_BUG_7.cpp.o  -o cmTC_1bce4 -rdynamic 
make[1] : on quitte le répertoire « /home/admin-suz/Documents/Code/CGAL_TEST/CGAL-4.12.1/CMakeFiles/CMakeTmp »

Source file was:

Performing C++ SOURCE FILE Test CGAL_CFG_MATCHING_BUG_8 succeded with the following output:
Change Dir: /home/admin-suz/Documents/Code/CGAL_TEST/CGAL-4.12.1/CMakeFiles/CMakeTmp

Run Build Command:"/usr/bin/make" "cmTC_73f3a/fast"
/usr/bin/make -f CMakeFiles/cmTC_73f3a.dir/build.make CMakeFiles/cmTC_73f3a.dir/build
make[1] : on entre dans le répertoire « /home/admin-suz/Documents/Code/CGAL_TEST/CGAL-4.12.1/CMakeFiles/CMakeTmp »
Building CXX object CMakeFiles/cmTC_73f3a.dir/CGAL_CFG_MATCHING_BUG_8.cpp.o
/usr/bin/c++      -o CMakeFiles/cmTC_73f3a.dir/CGAL_CFG_MATCHING_BUG_8.cpp.o -c /home/admin-suz/Documents/Code/CGAL_TEST/CGAL-4.12.1/cmake/modules/config/testfiles/CGAL_CFG_MATCHING_BUG_8.cpp
Linking CXX executable cmTC_73f3a
/usr/bin/cmake -E cmake_link_script CMakeFiles/cmTC_73f3a.dir/link.txt --verbose=1
/usr/bin/c++        CMakeFiles/cmTC_73f3a.dir/CGAL_CFG_MATCHING_BUG_8.cpp.o  -o cmTC_73f3a -rdynamic 
make[1] : on quitte le répertoire « /home/admin-suz/Documents/Code/CGAL_TEST/CGAL-4.12.1/CMakeFiles/CMakeTmp »

Source file was:

Performing C++ SOURCE FILE Test CGAL_CFG_NO_LIMITS succeded with the following output:
Change Dir: /home/admin-suz/Documents/Code/CGAL_TEST/CGAL-4.12.1/CMakeFiles/CMakeTmp

Run Build Command:"/usr/bin/make" "cmTC_b99f6/fast"
/usr/bin/make -f CMakeFiles/cmTC_b99f6.dir/build.make CMakeFiles/cmTC_b99f6.dir/build
make[1] : on entre dans le répertoire « /home/admin-suz/Documents/Code/CGAL_TEST/CGAL-4.12.1/CMakeFiles/CMakeTmp »
Building CXX object CMakeFiles/cmTC_b99f6.dir/CGAL_CFG_NO_LIMITS.cpp.o
/usr/bin/c++      -o CMakeFiles/cmTC_b99f6.dir/CGAL_CFG_NO_LIMITS.cpp.o -c /home/admin-suz/Documents/Code/CGAL_TEST/CGAL-4.12.1/cmake/modules/config/testfiles/CGAL_CFG_NO_LIMITS.cpp
Linking CXX executable cmTC_b99f6
/usr/bin/cmake -E cmake_link_script CMakeFiles/cmTC_b99f6.dir/link.txt --verbose=1
/usr/bin/c++        CMakeFiles/cmTC_b99f6.dir/CGAL_CFG_NO_LIMITS.cpp.o  -o cmTC_b99f6 -rdynamic 
make[1] : on quitte le répertoire « /home/admin-suz/Documents/Code/CGAL_TEST/CGAL-4.12.1/CMakeFiles/CMakeTmp »

Source file was:

Performing C++ SOURCE FILE Test CGAL_CFG_NO_NEXTAFTER succeded with the following output:
Change Dir: /home/admin-suz/Documents/Code/CGAL_TEST/CGAL-4.12.1/CMakeFiles/CMakeTmp

Run Build Command:"/usr/bin/make" "cmTC_6de30/fast"
/usr/bin/make -f CMakeFiles/cmTC_6de30.dir/build.make CMakeFiles/cmTC_6de30.dir/build
make[1] : on entre dans le répertoire « /home/admin-suz/Documents/Code/CGAL_TEST/CGAL-4.12.1/CMakeFiles/CMakeTmp »
Building CXX object CMakeFiles/cmTC_6de30.dir/CGAL_CFG_NO_NEXTAFTER.cpp.o
/usr/bin/c++      -o CMakeFiles/cmTC_6de30.dir/CGAL_CFG_NO_NEXTAFTER.cpp.o -c /home/admin-suz/Documents/Code/CGAL_TEST/CGAL-4.12.1/cmake/modules/config/testfiles/CGAL_CFG_NO_NEXTAFTER.cpp
Linking CXX executable cmTC_6de30
/usr/bin/cmake -E cmake_link_script CMakeFiles/cmTC_6de30.dir/link.txt --verbose=1
/usr/bin/c++        CMakeFiles/cmTC_6de30.dir/CGAL_CFG_NO_NEXTAFTER.cpp.o  -o cmTC_6de30 -rdynamic 
make[1] : on quitte le répertoire « /home/admin-suz/Documents/Code/CGAL_TEST/CGAL-4.12.1/CMakeFiles/CMakeTmp »

Source file was:

Performing C++ SOURCE FILE Test CGAL_CFG_NO_STL succeded with the following output:
Change Dir: /home/admin-suz/Documents/Code/CGAL_TEST/CGAL-4.12.1/CMakeFiles/CMakeTmp

Run Build Command:"/usr/bin/make" "cmTC_69b71/fast"
/usr/bin/make -f CMakeFiles/cmTC_69b71.dir/build.make CMakeFiles/cmTC_69b71.dir/build
make[1] : on entre dans le répertoire « /home/admin-suz/Documents/Code/CGAL_TEST/CGAL-4.12.1/CMakeFiles/CMakeTmp »
Building CXX object CMakeFiles/cmTC_69b71.dir/CGAL_CFG_NO_STL.cpp.o
/usr/bin/c++      -o CMakeFiles/cmTC_69b71.dir/CGAL_CFG_NO_STL.cpp.o -c /home/admin-suz/Documents/Code/CGAL_TEST/CGAL-4.12.1/cmake/modules/config/testfiles/CGAL_CFG_NO_STL.cpp
Linking CXX executable cmTC_69b71
/usr/bin/cmake -E cmake_link_script CMakeFiles/cmTC_69b71.dir/link.txt --verbose=1
/usr/bin/c++        CMakeFiles/cmTC_69b71.dir/CGAL_CFG_NO_STL.cpp.o  -o cmTC_69b71 -rdynamic 
make[1] : on quitte le répertoire « /home/admin-suz/Documents/Code/CGAL_TEST/CGAL-4.12.1/CMakeFiles/CMakeTmp »

Source file was:

Performing C++ SOURCE FILE Test CGAL_CFG_NUMERIC_LIMITS_BUG succeded with the following output:
Change Dir: /home/admin-suz/Documents/Code/CGAL_TEST/CGAL-4.12.1/CMakeFiles/CMakeTmp

Run Build Command:"/usr/bin/make" "cmTC_af562/fast"
/usr/bin/make -f CMakeFiles/cmTC_af562.dir/build.make CMakeFiles/cmTC_af562.dir/build
make[1] : on entre dans le répertoire « /home/admin-suz/Documents/Code/CGAL_TEST/CGAL-4.12.1/CMakeFiles/CMakeTmp »
Building CXX object CMakeFiles/cmTC_af562.dir/CGAL_CFG_NUMERIC_LIMITS_BUG.cpp.o
/usr/bin/c++      -o CMakeFiles/cmTC_af562.dir/CGAL_CFG_NUMERIC_LIMITS_BUG.cpp.o -c /home/admin-suz/Documents/Code/CGAL_TEST/CGAL-4.12.1/cmake/modules/config/testfiles/CGAL_CFG_NUMERIC_LIMITS_BUG.cpp
Linking CXX executable cmTC_af562
/usr/bin/cmake -E cmake_link_script CMakeFiles/cmTC_af562.dir/link.txt --verbose=1
/usr/bin/c++        CMakeFiles/cmTC_af562.dir/CGAL_CFG_NUMERIC_LIMITS_BUG.cpp.o  -o cmTC_af562 -rdynamic 
make[1] : on quitte le répertoire « /home/admin-suz/Documents/Code/CGAL_TEST/CGAL-4.12.1/CMakeFiles/CMakeTmp »

Source file was:

Performing C++ SOURCE FILE Test CGAL_CFG_OUTOFLINE_MEMBER_DEFINITION_BUG succeded with the following output:
Change Dir: /home/admin-suz/Documents/Code/CGAL_TEST/CGAL-4.12.1/CMakeFiles/CMakeTmp

Run Build Command:"/usr/bin/make" "cmTC_99582/fast"
/usr/bin/make -f CMakeFiles/cmTC_99582.dir/build.make CMakeFiles/cmTC_99582.dir/build
make[1] : on entre dans le répertoire « /home/admin-suz/Documents/Code/CGAL_TEST/CGAL-4.12.1/CMakeFiles/CMakeTmp »
Building CXX object CMakeFiles/cmTC_99582.dir/CGAL_CFG_OUTOFLINE_MEMBER_DEFINITION_BUG.cpp.o
/usr/bin/c++      -o CMakeFiles/cmTC_99582.dir/CGAL_CFG_OUTOFLINE_MEMBER_DEFINITION_BUG.cpp.o -c /home/admin-suz/Documents/Code/CGAL_TEST/CGAL-4.12.1/cmake/modules/config/testfiles/CGAL_CFG_OUTOFLINE_MEMBER_DEFINITION_BUG.cpp
Linking CXX executable cmTC_99582
/usr/bin/cmake -E cmake_link_script CMakeFiles/cmTC_99582.dir/link.txt --verbose=1
/usr/bin/c++        CMakeFiles/cmTC_99582.dir/CGAL_CFG_OUTOFLINE_MEMBER_DEFINITION_BUG.cpp.o  -o cmTC_99582 -rdynamic 
make[1] : on quitte le répertoire « /home/admin-suz/Documents/Code/CGAL_TEST/CGAL-4.12.1/CMakeFiles/CMakeTmp »

Source file was:

Performing C++ SOURCE FILE Test CGAL_CFG_TEMPLATE_IN_DEFAULT_PARAMETER_BUG succeded with the following output:
Change Dir: /home/admin-suz/Documents/Code/CGAL_TEST/CGAL-4.12.1/CMakeFiles/CMakeTmp

Run Build Command:"/usr/bin/make" "cmTC_1e8d8/fast"
/usr/bin/make -f CMakeFiles/cmTC_1e8d8.dir/build.make CMakeFiles/cmTC_1e8d8.dir/build
make[1] : on entre dans le répertoire « /home/admin-suz/Documents/Code/CGAL_TEST/CGAL-4.12.1/CMakeFiles/CMakeTmp »
Building CXX object CMakeFiles/cmTC_1e8d8.dir/CGAL_CFG_TEMPLATE_IN_DEFAULT_PARAMETER_BUG.cpp.o
/usr/bin/c++      -o CMakeFiles/cmTC_1e8d8.dir/CGAL_CFG_TEMPLATE_IN_DEFAULT_PARAMETER_BUG.cpp.o -c /home/admin-suz/Documents/Code/CGAL_TEST/CGAL-4.12.1/cmake/modules/config/testfiles/CGAL_CFG_TEMPLATE_IN_DEFAULT_PARAMETER_BUG.cpp
Linking CXX executable cmTC_1e8d8
/usr/bin/cmake -E cmake_link_script CMakeFiles/cmTC_1e8d8.dir/link.txt --verbose=1
/usr/bin/c++        CMakeFiles/cmTC_1e8d8.dir/CGAL_CFG_TEMPLATE_IN_DEFAULT_PARAMETER_BUG.cpp.o  -o cmTC_1e8d8 -rdynamic 
make[1] : on quitte le répertoire « /home/admin-suz/Documents/Code/CGAL_TEST/CGAL-4.12.1/CMakeFiles/CMakeTmp »

Source file was:

Performing C++ SOURCE FILE Test CGAL_CFG_TYPENAME_BEFORE_DEFAULT_ARGUMENT_BUG succeded with the following output:
Change Dir: /home/admin-suz/Documents/Code/CGAL_TEST/CGAL-4.12.1/CMakeFiles/CMakeTmp

Run Build Command:"/usr/bin/make" "cmTC_27c2f/fast"
/usr/bin/make -f CMakeFiles/cmTC_27c2f.dir/build.make CMakeFiles/cmTC_27c2f.dir/build
make[1] : on entre dans le répertoire « /home/admin-suz/Documents/Code/CGAL_TEST/CGAL-4.12.1/CMakeFiles/CMakeTmp »
Building CXX object CMakeFiles/cmTC_27c2f.dir/CGAL_CFG_TYPENAME_BEFORE_DEFAULT_ARGUMENT_BUG.cpp.o
/usr/bin/c++      -o CMakeFiles/cmTC_27c2f.dir/CGAL_CFG_TYPENAME_BEFORE_DEFAULT_ARGUMENT_BUG.cpp.o -c /home/admin-suz/Documents/Code/CGAL_TEST/CGAL-4.12.1/cmake/modules/config/testfiles/CGAL_CFG_TYPENAME_BEFORE_DEFAULT_ARGUMENT_BUG.cpp
Linking CXX executable cmTC_27c2f
/usr/bin/cmake -E cmake_link_script CMakeFiles/cmTC_27c2f.dir/link.txt --verbose=1
/usr/bin/c++        CMakeFiles/cmTC_27c2f.dir/CGAL_CFG_TYPENAME_BEFORE_DEFAULT_ARGUMENT_BUG.cpp.o  -o cmTC_27c2f -rdynamic 
make[1] : on quitte le répertoire « /home/admin-suz/Documents/Code/CGAL_TEST/CGAL-4.12.1/CMakeFiles/CMakeTmp »

Source file was:

Performing C++ SOURCE FILE Test CGAL_CFG_USING_BASE_MEMBER_BUG_2 succeded with the following output:
Change Dir: /home/admin-suz/Documents/Code/CGAL_TEST/CGAL-4.12.1/CMakeFiles/CMakeTmp

Run Build Command:"/usr/bin/make" "cmTC_f5770/fast"
/usr/bin/make -f CMakeFiles/cmTC_f5770.dir/build.make CMakeFiles/cmTC_f5770.dir/build
make[1] : on entre dans le répertoire « /home/admin-suz/Documents/Code/CGAL_TEST/CGAL-4.12.1/CMakeFiles/CMakeTmp »
Building CXX object CMakeFiles/cmTC_f5770.dir/CGAL_CFG_USING_BASE_MEMBER_BUG_2.cpp.o
/usr/bin/c++      -o CMakeFiles/cmTC_f5770.dir/CGAL_CFG_USING_BASE_MEMBER_BUG_2.cpp.o -c /home/admin-suz/Documents/Code/CGAL_TEST/CGAL-4.12.1/cmake/modules/config/testfiles/CGAL_CFG_USING_BASE_MEMBER_BUG_2.cpp
Linking CXX executable cmTC_f5770
/usr/bin/cmake -E cmake_link_script CMakeFiles/cmTC_f5770.dir/link.txt --verbose=1
/usr/bin/c++        CMakeFiles/cmTC_f5770.dir/CGAL_CFG_USING_BASE_MEMBER_BUG_2.cpp.o  -o cmTC_f5770 -rdynamic 
make[1] : on quitte le répertoire « /home/admin-suz/Documents/Code/CGAL_TEST/CGAL-4.12.1/CMakeFiles/CMakeTmp »

Source file was:

