Determining if the pthread_create exist failed with the following output:
Change Dir: /home/admin-suz/Documents/Code/Interface_CGAL_python/mesher/build/temp.linux-x86_64-3.6/CMakeFiles/CMakeTmp

Run Build Command:"/usr/bin/make" "cmTC_54dea/fast"
/usr/bin/make -f CMakeFiles/cmTC_54dea.dir/build.make CMakeFiles/cmTC_54dea.dir/build
make[1] : on entre dans le répertoire « /home/admin-suz/Documents/Code/Interface_CGAL_python/mesher/build/temp.linux-x86_64-3.6/CMakeFiles/CMakeTmp »
Building C object CMakeFiles/cmTC_54dea.dir/CheckSymbolExists.c.o
/usr/bin/cc     -o CMakeFiles/cmTC_54dea.dir/CheckSymbolExists.c.o   -c /home/admin-suz/Documents/Code/Interface_CGAL_python/mesher/build/temp.linux-x86_64-3.6/CMakeFiles/CMakeTmp/CheckSymbolExists.c
Linking C executable cmTC_54dea
/usr/bin/cmake -E cmake_link_script CMakeFiles/cmTC_54dea.dir/link.txt --verbose=1
/usr/bin/cc       CMakeFiles/cmTC_54dea.dir/CheckSymbolExists.c.o  -o cmTC_54dea 
CMakeFiles/cmTC_54dea.dir/CheckSymbolExists.c.o : Dans la fonction « main » :
CheckSymbolExists.c:(.text+0x16) : référence indéfinie vers « pthread_create »
collect2: error: ld returned 1 exit status
CMakeFiles/cmTC_54dea.dir/build.make:97 : la recette pour la cible « cmTC_54dea » a échouée
make[1]: *** [cmTC_54dea] Erreur 1
make[1] : on quitte le répertoire « /home/admin-suz/Documents/Code/Interface_CGAL_python/mesher/build/temp.linux-x86_64-3.6/CMakeFiles/CMakeTmp »
Makefile:126 : la recette pour la cible « cmTC_54dea/fast » a échouée
make: *** [cmTC_54dea/fast] Erreur 2

File /home/admin-suz/Documents/Code/Interface_CGAL_python/mesher/build/temp.linux-x86_64-3.6/CMakeFiles/CMakeTmp/CheckSymbolExists.c:
/* */
#include <pthread.h>

int main(int argc, char** argv)
{
  (void)argv;
#ifndef pthread_create
  return ((int*)(&pthread_create))[argc];
#else
  (void)argc;
  return 0;
#endif
}

Determining if the function pthread_create exists in the pthreads failed with the following output:
Change Dir: /home/admin-suz/Documents/Code/Interface_CGAL_python/mesher/build/temp.linux-x86_64-3.6/CMakeFiles/CMakeTmp

Run Build Command:"/usr/bin/make" "cmTC_820f0/fast"
/usr/bin/make -f CMakeFiles/cmTC_820f0.dir/build.make CMakeFiles/cmTC_820f0.dir/build
make[1] : on entre dans le répertoire « /home/admin-suz/Documents/Code/Interface_CGAL_python/mesher/build/temp.linux-x86_64-3.6/CMakeFiles/CMakeTmp »
Building C object CMakeFiles/cmTC_820f0.dir/CheckFunctionExists.c.o
/usr/bin/cc    -DCHECK_FUNCTION_EXISTS=pthread_create   -o CMakeFiles/cmTC_820f0.dir/CheckFunctionExists.c.o   -c /usr/share/cmake-3.5/Modules/CheckFunctionExists.c
Linking C executable cmTC_820f0
/usr/bin/cmake -E cmake_link_script CMakeFiles/cmTC_820f0.dir/link.txt --verbose=1
/usr/bin/cc   -DCHECK_FUNCTION_EXISTS=pthread_create    CMakeFiles/cmTC_820f0.dir/CheckFunctionExists.c.o  -o cmTC_820f0 -lpthreads 
/usr/bin/ld : ne peut trouver -lpthreads
collect2: error: ld returned 1 exit status
CMakeFiles/cmTC_820f0.dir/build.make:97 : la recette pour la cible « cmTC_820f0 » a échouée
make[1]: *** [cmTC_820f0] Erreur 1
make[1] : on quitte le répertoire « /home/admin-suz/Documents/Code/Interface_CGAL_python/mesher/build/temp.linux-x86_64-3.6/CMakeFiles/CMakeTmp »
Makefile:126 : la recette pour la cible « cmTC_820f0/fast » a échouée
make: *** [cmTC_820f0/fast] Erreur 2


